<?xml version="1.0" encoding="UTF-8"?>
<!-- Generated by org.testng.reporters.JUnitXMLReporter -->
<testsuite ignored="8" hostname="Shubhankar" failures="1" tests="1" name="cliqlens" time="11.814" errors="0" timestamp="2024-09-06T17:11:09 IST">
  <testcase classname="velvetresidences.TestCases.TC_Register_001" name="Registerwithvalidetails" time="4.274">
    <failure type="org.openqa.selenium.ElementClickInterceptedException" message="element click intercepted: Element &amp;lt;a href=&amp;quot;#sign-in-dialog&amp;quot; class=&amp;quot;sign-in popup-with-zoom-anim&amp;quot;&amp;gt;...&amp;lt;/a&amp;gt; is not clickable at point (912, 54). Other element would receive the click: &amp;lt;div class=&amp;quot;mfp-content&amp;quot;&amp;gt;...&amp;lt;/div&amp;gt;
  (Session info: chrome=128.0.6613.115)
Build info: version: &amp;apos;4.24.0&amp;apos;, revision: &amp;apos;748ffc9bc3&amp;apos;
System info: os.name: &amp;apos;Windows 11&amp;apos;, os.arch: &amp;apos;amd64&amp;apos;, os.version: &amp;apos;10.0&amp;apos;, java.version: &amp;apos;22.0.2&amp;apos;
Driver info: org.openqa.selenium.chrome.ChromeDriver
Command: [ce279f98a3bd38deb0ee7c3b217afada, clickElement {id=f.9C7F84825C6CC9AC45B86034D0FDED14.d.DE8CB026219708F67EC0454E1E97B6A6.e.42}]
Capabilities {acceptInsecureCerts: false, browserName: chrome, browserVersion: 128.0.6613.115, chrome: {chromedriverVersion: 128.0.6613.119 (6e439cfca4d..., userDataDir: C:\Users\MVS-DE~1\AppData\L...}, fedcm:accounts: true, goog:chromeOptions: {debuggerAddress: localhost:52650}, networkConnectionEnabled: false, pageLoadStrategy: normal, platformName: windows, proxy: Proxy(), se:cdp: ws://localhost:52650/devtoo..., se:cdpVersion: 128.0.6613.115, setWindowRect: true, strictFileInteractability: false, timeouts: {implicit: 0, pageLoad: 300000, script: 30000}, unhandledPromptBehavior: dismiss and notify, webauthn:extension:credBlob: true, webauthn:extension:largeBlob: true, webauthn:extension:minPinLength: true, webauthn:extension:prf: true, webauthn:virtualAuthenticators: true}
Element: [[ChromeDriver: chrome on windows (ce279f98a3bd38deb0ee7c3b217afada)] -&amp;gt; xpath: //a[@class=&amp;apos;sign-in popup-with-zoom-anim&amp;apos;]]
Session ID: ce279f98a3bd38deb0ee7c3b217afada">
      <![CDATA[org.openqa.selenium.ElementClickInterceptedException: element click intercepted: Element <a href="#sign-in-dialog" class="sign-in popup-with-zoom-anim">...</a> is not clickable at point (912, 54). Other element would receive the click: <div class="mfp-content">...</div>
  (Session info: chrome=128.0.6613.115)
Build info: version: '4.24.0', revision: '748ffc9bc3'
System info: os.name: 'Windows 11', os.arch: 'amd64', os.version: '10.0', java.version: '22.0.2'
Driver info: org.openqa.selenium.chrome.ChromeDriver
Command: [ce279f98a3bd38deb0ee7c3b217afada, clickElement {id=f.9C7F84825C6CC9AC45B86034D0FDED14.d.DE8CB026219708F67EC0454E1E97B6A6.e.42}]
Capabilities {acceptInsecureCerts: false, browserName: chrome, browserVersion: 128.0.6613.115, chrome: {chromedriverVersion: 128.0.6613.119 (6e439cfca4d..., userDataDir: C:\Users\MVS-DE~1\AppData\L...}, fedcm:accounts: true, goog:chromeOptions: {debuggerAddress: localhost:52650}, networkConnectionEnabled: false, pageLoadStrategy: normal, platformName: windows, proxy: Proxy(), se:cdp: ws://localhost:52650/devtoo..., se:cdpVersion: 128.0.6613.115, setWindowRect: true, strictFileInteractability: false, timeouts: {implicit: 0, pageLoad: 300000, script: 30000}, unhandledPromptBehavior: dismiss and notify, webauthn:extension:credBlob: true, webauthn:extension:largeBlob: true, webauthn:extension:minPinLength: true, webauthn:extension:prf: true, webauthn:virtualAuthenticators: true}
Element: [[ChromeDriver: chrome on windows (ce279f98a3bd38deb0ee7c3b217afada)] -> xpath: //a[@class='sign-in popup-with-zoom-anim']]
Session ID: ce279f98a3bd38deb0ee7c3b217afada
at org.openqa.selenium.remote.ErrorCodec.decode(ErrorCodec.java:167)
at org.openqa.selenium.remote.codec.w3c.W3CHttpResponseCodec.decode(W3CHttpResponseCodec.java:138)
at org.openqa.selenium.remote.codec.w3c.W3CHttpResponseCodec.decode(W3CHttpResponseCodec.java:50)
at org.openqa.selenium.remote.HttpCommandExecutor.execute(HttpCommandExecutor.java:190)
at org.openqa.selenium.remote.service.DriverCommandExecutor.invokeExecute(DriverCommandExecutor.java:216)
at org.openqa.selenium.remote.service.DriverCommandExecutor.execute(DriverCommandExecutor.java:174)
at org.openqa.selenium.remote.RemoteWebDriver.execute(RemoteWebDriver.java:545)
at org.openqa.selenium.remote.RemoteWebElement.execute(RemoteWebElement.java:223)
at org.openqa.selenium.remote.RemoteWebElement.click(RemoteWebElement.java:76)
at org.openqa.selenium.support.pagefactory.internal.LocatingElementHandler.invoke(LocatingElementHandler.java:51)
at jdk.proxy2/jdk.proxy2.$Proxy9.click(Unknown Source)
at velvetresidences.objectclass.Signup.clicksignintext(Signup.java:54)
at velvetresidences.TestCases.TC_Register_001.Registerwithvalidetails(TC_Register_001.java:19)
at java.base/java.util.ArrayList.forEach(ArrayList.java:1597)
... Removed 34 stack frames]]>
    </failure>
  </testcase> <!-- Registerwithvalidetails -->
  <testcase classname="velvetresidences.TestCases.TC_Register_001" name="registerwithweakpassword" time="0.0">
    <ignored/>
  </testcase> <!-- registerwithweakpassword -->
  <testcase classname="velvetresidences.TestCases.TC_Register_001" name="registerwithoutacceptingprivacypolicy" time="0.0">
    <ignored/>
  </testcase> <!-- registerwithoutacceptingprivacypolicy -->
  <testcase classname="velvetresidences.TestCases.TC_Register_001" name="registerwithstrongpassword" time="0.0">
    <ignored/>
  </testcase> <!-- registerwithstrongpassword -->
  <testcase classname="velvetresidences.TestCases.TC_Register_001" name="registerwithoutacceptingtermsandconditions" time="0.0">
    <ignored/>
  </testcase> <!-- registerwithoutacceptingtermsandconditions -->
  <testcase classname="velvetresidences.TestCases.TC_Register_001" name="registerwithexistingemail" time="0.0">
    <ignored/>
  </testcase> <!-- registerwithexistingemail -->
  <testcase classname="velvetresidences.TestCases.TC_Register_001" name="Registerwithinvalidemailone" time="0.0">
    <ignored/>
  </testcase> <!-- Registerwithinvalidemailone -->
  <testcase classname="velvetresidences.TestCases.TC_Register_001" name="registerwithemptyfields" time="0.0">
    <ignored/>
  </testcase> <!-- registerwithemptyfields -->
  <testcase classname="velvetresidences.TestCases.TC_Register_001" name="Registerwithinvalidemailtwo" time="0.0">
    <ignored/>
  </testcase> <!-- Registerwithinvalidemailtwo -->
</testsuite> <!-- cliqlens -->
