<?xml version="1.0" encoding="UTF-8"?>
<!-- Generated by org.testng.reporters.JUnitReportReporter -->
<testsuite hostname="Shubhankar" failures="0" tests="9" name="velvetresidences.TestCases.TC_Register_001" time="4.274" errors="1" timestamp="2024-09-06T17:11:09 IST" skipped="8">
  <testcase classname="velvetresidences.TestCases.TC_Register_001" name="Registerwithvalidetails" time="4.274">
    <error message="element click intercepted: Element &lt;a href=&quot;#sign-in-dialog&quot; class=&quot;sign-in popup-with-zoom-anim&quot;&gt;...&lt;/a&gt; is not clickable at point (912, 54). Other element would receive the click: &lt;div class=&quot;mfp-content&quot;&gt;...&lt;/div&gt;
  (Session info: chrome=128.0.6613.115)
Build info: version: &#039;4.24.0&#039;, revision: &#039;748ffc9bc3&#039;
System info: os.name: &#039;Windows 11&#039;, os.arch: &#039;amd64&#039;, os.version: &#039;10.0&#039;, java.version: &#039;22.0.2&#039;
Driver info: org.openqa.selenium.chrome.ChromeDriver
Command: [ce279f98a3bd38deb0ee7c3b217afada, clickElement {id=f.9C7F84825C6CC9AC45B86034D0FDED14.d.DE8CB026219708F67EC0454E1E97B6A6.e.42}]
Capabilities {acceptInsecureCerts: false, browserName: chrome, browserVersion: 128.0.6613.115, chrome: {chromedriverVersion: 128.0.6613.119 (6e439cfca4d..., userDataDir: C:\Users\MVS-DE~1\AppData\L...}, fedcm:accounts: true, goog:chromeOptions: {debuggerAddress: localhost:52650}, networkConnectionEnabled: false, pageLoadStrategy: normal, platformName: windows, proxy: Proxy(), se:cdp: ws://localhost:52650/devtoo..., se:cdpVersion: 128.0.6613.115, setWindowRect: true, strictFileInteractability: false, timeouts: {implicit: 0, pageLoad: 300000, script: 30000}, unhandledPromptBehavior: dismiss and notify, webauthn:extension:credBlob: true, webauthn:extension:largeBlob: true, webauthn:extension:minPinLength: true, webauthn:extension:prf: true, webauthn:virtualAuthenticators: true}
Element: [[ChromeDriver: chrome on windows (ce279f98a3bd38deb0ee7c3b217afada)] -&gt; xpath: //a[@class=&#039;sign-in popup-with-zoom-anim&#039;]]
Session ID: ce279f98a3bd38deb0ee7c3b217afada" type="org.openqa.selenium.ElementClickInterceptedException">
      <![CDATA[org.openqa.selenium.ElementClickInterceptedException: element click intercepted: Element <a href="#sign-in-dialog" class="sign-in popup-with-zoom-anim">...</a> is not clickable at point (912, 54). Other element would receive the click: <div class="mfp-content">...</div>
  (Session info: chrome=128.0.6613.115)
Build info: version: '4.24.0', revision: '748ffc9bc3'
System info: os.name: 'Windows 11', os.arch: 'amd64', os.version: '10.0', java.version: '22.0.2'
Driver info: org.openqa.selenium.chrome.ChromeDriver
Command: [ce279f98a3bd38deb0ee7c3b217afada, clickElement {id=f.9C7F84825C6CC9AC45B86034D0FDED14.d.DE8CB026219708F67EC0454E1E97B6A6.e.42}]
Capabilities {acceptInsecureCerts: false, browserName: chrome, browserVersion: 128.0.6613.115, chrome: {chromedriverVersion: 128.0.6613.119 (6e439cfca4d..., userDataDir: C:\Users\MVS-DE~1\AppData\L...}, fedcm:accounts: true, goog:chromeOptions: {debuggerAddress: localhost:52650}, networkConnectionEnabled: false, pageLoadStrategy: normal, platformName: windows, proxy: Proxy(), se:cdp: ws://localhost:52650/devtoo..., se:cdpVersion: 128.0.6613.115, setWindowRect: true, strictFileInteractability: false, timeouts: {implicit: 0, pageLoad: 300000, script: 30000}, unhandledPromptBehavior: dismiss and notify, webauthn:extension:credBlob: true, webauthn:extension:largeBlob: true, webauthn:extension:minPinLength: true, webauthn:extension:prf: true, webauthn:virtualAuthenticators: true}
Element: [[ChromeDriver: chrome on windows (ce279f98a3bd38deb0ee7c3b217afada)] -> xpath: //a[@class='sign-in popup-with-zoom-anim']]
Session ID: ce279f98a3bd38deb0ee7c3b217afada
at java.base/jdk.internal.reflect.DirectConstructorHandleAccessor.newInstance(DirectConstructorHandleAccessor.java:62)
at java.base/java.lang.reflect.Constructor.newInstanceWithCaller(Constructor.java:502)
at java.base/java.lang.reflect.Constructor.newInstance(Constructor.java:486)
at org.openqa.selenium.remote.ErrorCodec.decode(ErrorCodec.java:167)
at org.openqa.selenium.remote.codec.w3c.W3CHttpResponseCodec.decode(W3CHttpResponseCodec.java:138)
at org.openqa.selenium.remote.codec.w3c.W3CHttpResponseCodec.decode(W3CHttpResponseCodec.java:50)
at org.openqa.selenium.remote.HttpCommandExecutor.execute(HttpCommandExecutor.java:190)
at org.openqa.selenium.remote.service.DriverCommandExecutor.invokeExecute(DriverCommandExecutor.java:216)
at org.openqa.selenium.remote.service.DriverCommandExecutor.execute(DriverCommandExecutor.java:174)
at org.openqa.selenium.remote.RemoteWebDriver.execute(RemoteWebDriver.java:545)
at org.openqa.selenium.remote.RemoteWebElement.execute(RemoteWebElement.java:223)
at org.openqa.selenium.remote.RemoteWebElement.click(RemoteWebElement.java:76)
at java.base/jdk.internal.reflect.DirectMethodHandleAccessor.invoke(DirectMethodHandleAccessor.java:103)
at java.base/java.lang.reflect.Method.invoke(Method.java:580)
at org.openqa.selenium.support.pagefactory.internal.LocatingElementHandler.invoke(LocatingElementHandler.java:51)
at jdk.proxy2/jdk.proxy2.$Proxy9.click(Unknown Source)
at velvetresidences.objectclass.Signup.clicksignintext(Signup.java:54)
at velvetresidences.TestCases.TC_Register_001.Registerwithvalidetails(TC_Register_001.java:19)
at java.base/jdk.internal.reflect.DirectMethodHandleAccessor.invoke(DirectMethodHandleAccessor.java:103)
at java.base/java.lang.reflect.Method.invoke(Method.java:580)
at org.testng.internal.invokers.MethodInvocationHelper.invokeMethod(MethodInvocationHelper.java:141)
at org.testng.internal.invokers.TestInvoker.invokeMethod(TestInvoker.java:686)
at org.testng.internal.invokers.TestInvoker.invokeTestMethod(TestInvoker.java:230)
at org.testng.internal.invokers.MethodRunner.runInSequence(MethodRunner.java:63)
at org.testng.internal.invokers.TestInvoker$MethodInvocationAgent.invoke(TestInvoker.java:992)
at org.testng.internal.invokers.TestInvoker.invokeTestMethods(TestInvoker.java:203)
at org.testng.internal.invokers.TestMethodWorker.invokeTestMethods(TestMethodWorker.java:154)
at org.testng.internal.invokers.TestMethodWorker.run(TestMethodWorker.java:134)
at java.base/java.util.ArrayList.forEach(ArrayList.java:1597)
at org.testng.TestRunner.privateRun(TestRunner.java:739)
at org.testng.TestRunner.run(TestRunner.java:614)
at org.testng.SuiteRunner.runTest(SuiteRunner.java:421)
at org.testng.SuiteRunner.runSequentially(SuiteRunner.java:413)
at org.testng.SuiteRunner.privateRun(SuiteRunner.java:373)
at org.testng.SuiteRunner.run(SuiteRunner.java:312)
at org.testng.SuiteRunnerWorker.runSuite(SuiteRunnerWorker.java:52)
at org.testng.SuiteRunnerWorker.run(SuiteRunnerWorker.java:95)
at org.testng.TestNG.runSuitesSequentially(TestNG.java:1274)
at org.testng.TestNG.runSuitesLocally(TestNG.java:1208)
at org.testng.TestNG.runSuites(TestNG.java:1112)
at org.testng.TestNG.run(TestNG.java:1079)
at org.apache.maven.surefire.testng.TestNGExecutor.run(TestNGExecutor.java:284)
at org.apache.maven.surefire.testng.TestNGXmlTestSuite.execute(TestNGXmlTestSuite.java:75)
at org.apache.maven.surefire.testng.TestNGProvider.invoke(TestNGProvider.java:119)
at org.apache.maven.surefire.booter.ForkedBooter.runSuitesInProcess(ForkedBooter.java:428)
at org.apache.maven.surefire.booter.ForkedBooter.execute(ForkedBooter.java:162)
at org.apache.maven.surefire.booter.ForkedBooter.run(ForkedBooter.java:562)
at org.apache.maven.surefire.booter.ForkedBooter.main(ForkedBooter.java:548)
]]>
    </error>
  </testcase> <!-- Registerwithvalidetails -->
  <testcase classname="velvetresidences.TestCases.TC_Register_001" name="registerwithweakpassword">
    <skipped/>
  </testcase> <!-- registerwithweakpassword -->
  <testcase classname="velvetresidences.TestCases.TC_Register_001" name="registerwithoutacceptingprivacypolicy">
    <skipped/>
  </testcase> <!-- registerwithoutacceptingprivacypolicy -->
  <testcase classname="velvetresidences.TestCases.TC_Register_001" name="registerwithstrongpassword">
    <skipped/>
  </testcase> <!-- registerwithstrongpassword -->
  <testcase classname="velvetresidences.TestCases.TC_Register_001" name="registerwithoutacceptingtermsandconditions">
    <skipped/>
  </testcase> <!-- registerwithoutacceptingtermsandconditions -->
  <testcase classname="velvetresidences.TestCases.TC_Register_001" name="registerwithexistingemail">
    <skipped/>
  </testcase> <!-- registerwithexistingemail -->
  <testcase classname="velvetresidences.TestCases.TC_Register_001" name="Registerwithinvalidemailone">
    <skipped/>
  </testcase> <!-- Registerwithinvalidemailone -->
  <testcase classname="velvetresidences.TestCases.TC_Register_001" name="registerwithemptyfields">
    <skipped/>
  </testcase> <!-- registerwithemptyfields -->
  <testcase classname="velvetresidences.TestCases.TC_Register_001" name="Registerwithinvalidemailtwo">
    <skipped/>
  </testcase> <!-- Registerwithinvalidemailtwo -->
</testsuite> <!-- velvetresidences.TestCases.TC_Register_001 -->
